  main.cpp
  ofApp.cpp
  Board.cpp
  Info: Boost.Config is older than your compiler version - probably nothing bad will happen - but you may wish to look for an update Boost version.  Define BOOST_CONFIG_SUPPRESS_OUTDATED_MESSAGE to suppress this message.
  Info: Boost.Config is older than your compiler version - probably nothing bad will happen - but you may wish to look for an update Boost version.  Define BOOST_CONFIG_SUPPRESS_OUTDATED_MESSAGE to suppress this message.
  Info: Boost.Config is older than your compiler version - probably nothing bad will happen - but you may wish to look for an update Boost version.  Define BOOST_CONFIG_SUPPRESS_OUTDATED_MESSAGE to suppress this message.
c:\users\sirmr\downloads\uni\year 2\c++ for creative practice\downloadsc++\of_v0.11.2_vs2017_release\libs\openframeworks\math\ofmatrix4x4.h(326): warning C4267: 'argument': conversion from 'size_t' to 'int', possible loss of data (compiling source file src\Board.cpp)
c:\users\sirmr\downloads\uni\year 2\c++ for creative practice\downloadsc++\of_v0.11.2_vs2017_release\libs\openframeworks\math\ofmatrix4x4.h(331): warning C4267: 'argument': conversion from 'size_t' to 'int', possible loss of data (compiling source file src\Board.cpp)
c:\users\sirmr\downloads\uni\year 2\c++ for creative practice\downloadsc++\of_v0.11.2_vs2017_release\libs\openframeworks\math\ofmatrix4x4.h(912): warning C4267: 'argument': conversion from 'size_t' to 'int', possible loss of data (compiling source file src\Board.cpp)
c:\users\sirmr\downloads\uni\year 2\c++ for creative practice\downloadsc++\of_v0.11.2_vs2017_release\libs\openframeworks\math\ofmatrix4x4.h(913): warning C4267: 'argument': conversion from 'size_t' to 'int', possible loss of data (compiling source file src\Board.cpp)
c:\users\sirmr\downloads\uni\year 2\c++ for creative practice\downloadsc++\of_v0.11.2_vs2017_release\libs\openframeworks\math\ofmatrix4x4.h(914): warning C4267: 'argument': conversion from 'size_t' to 'int', possible loss of data (compiling source file src\Board.cpp)
c:\users\sirmr\downloads\uni\year 2\c++ for creative practice\downloadsc++\of_v0.11.2_vs2017_release\libs\openframeworks\math\ofmatrix4x4.h(915): warning C4267: 'argument': conversion from 'size_t' to 'int', possible loss of data (compiling source file src\Board.cpp)
c:\users\sirmr\downloads\uni\year 2\c++ for creative practice\downloadsc++\of_v0.11.2_vs2017_release\libs\openframeworks\math\ofmatrix4x4.h(326): warning C4267: 'argument': conversion from 'size_t' to 'int', possible loss of data (compiling source file src\main.cpp)
c:\users\sirmr\downloads\uni\year 2\c++ for creative practice\downloadsc++\of_v0.11.2_vs2017_release\libs\openframeworks\math\ofmatrix4x4.h(331): warning C4267: 'argument': conversion from 'size_t' to 'int', possible loss of data (compiling source file src\main.cpp)
c:\users\sirmr\downloads\uni\year 2\c++ for creative practice\downloadsc++\of_v0.11.2_vs2017_release\libs\openframeworks\math\ofmatrix4x4.h(912): warning C4267: 'argument': conversion from 'size_t' to 'int', possible loss of data (compiling source file src\main.cpp)
c:\users\sirmr\downloads\uni\year 2\c++ for creative practice\downloadsc++\of_v0.11.2_vs2017_release\libs\openframeworks\math\ofmatrix4x4.h(913): warning C4267: 'argument': conversion from 'size_t' to 'int', possible loss of data (compiling source file src\main.cpp)
c:\users\sirmr\downloads\uni\year 2\c++ for creative practice\downloadsc++\of_v0.11.2_vs2017_release\libs\openframeworks\math\ofmatrix4x4.h(914): warning C4267: 'argument': conversion from 'size_t' to 'int', possible loss of data (compiling source file src\main.cpp)
c:\users\sirmr\downloads\uni\year 2\c++ for creative practice\downloadsc++\of_v0.11.2_vs2017_release\libs\openframeworks\math\ofmatrix4x4.h(915): warning C4267: 'argument': conversion from 'size_t' to 'int', possible loss of data (compiling source file src\main.cpp)
c:\users\sirmr\downloads\uni\year 2\c++ for creative practice\downloadsc++\of_v0.11.2_vs2017_release\libs\openframeworks\math\ofmatrix4x4.h(326): warning C4267: 'argument': conversion from 'size_t' to 'int', possible loss of data (compiling source file src\ofApp.cpp)
c:\users\sirmr\downloads\uni\year 2\c++ for creative practice\downloadsc++\of_v0.11.2_vs2017_release\libs\openframeworks\math\ofmatrix4x4.h(331): warning C4267: 'argument': conversion from 'size_t' to 'int', possible loss of data (compiling source file src\ofApp.cpp)
c:\users\sirmr\downloads\uni\year 2\c++ for creative practice\downloadsc++\of_v0.11.2_vs2017_release\libs\openframeworks\math\ofmatrix4x4.h(912): warning C4267: 'argument': conversion from 'size_t' to 'int', possible loss of data (compiling source file src\ofApp.cpp)
c:\users\sirmr\downloads\uni\year 2\c++ for creative practice\downloadsc++\of_v0.11.2_vs2017_release\libs\openframeworks\math\ofmatrix4x4.h(913): warning C4267: 'argument': conversion from 'size_t' to 'int', possible loss of data (compiling source file src\ofApp.cpp)
c:\users\sirmr\downloads\uni\year 2\c++ for creative practice\downloadsc++\of_v0.11.2_vs2017_release\libs\openframeworks\math\ofmatrix4x4.h(914): warning C4267: 'argument': conversion from 'size_t' to 'int', possible loss of data (compiling source file src\ofApp.cpp)
c:\users\sirmr\downloads\uni\year 2\c++ for creative practice\downloadsc++\of_v0.11.2_vs2017_release\libs\openframeworks\math\ofmatrix4x4.h(915): warning C4267: 'argument': conversion from 'size_t' to 'int', possible loss of data (compiling source file src\ofApp.cpp)
     Creating library bin\chessPort2_debug.lib and object bin\chessPort2_debug.exp
  chessPort2.vcxproj -> C:\Users\sirmr\Downloads\Uni\Year 2\C++ For Creative Practice\DownloadsC++\of_v0.11.2_vs2017_release\apps\myApps\chessPort2\bin\chessPort2_debug.exe
  
  	                   2	C:\Users\sirmr\Downloads\Uni\Year 2\C++ For Creative Practice\DownloadsC++\of_v0.11.2_vs2017_release\libs\fmod\lib\vs\x64\
  	  *EXTRA File 		 6942208	C:\Users\sirmr\Downloads\Uni\Year 2\C++ For Creative Practice\DownloadsC++\of_v0.11.2_vs2017_release\apps\myApps\chessPort2\bin\FreeImage.dll
  
  	                   1	C:\Users\sirmr\Downloads\Uni\Year 2\C++ For Creative Practice\DownloadsC++\of_v0.11.2_vs2017_release\libs\FreeImage\lib\vs\x64\
  	  *EXTRA File 		 1826304	C:\Users\sirmr\Downloads\Uni\Year 2\C++ For Creative Practice\DownloadsC++\of_v0.11.2_vs2017_release\apps\myApps\chessPort2\bin\fmod.dll
  	  *EXTRA File 		 2041856	C:\Users\sirmr\Downloads\Uni\Year 2\C++ For Creative Practice\DownloadsC++\of_v0.11.2_vs2017_release\apps\myApps\chessPort2\bin\fmodL.dll
